Started by user Gao, Jun-1
Obtained Jenkinsfile from git ssh://git@bitbucketenterprise.aws.novartis.net/tisp/aws-redis.git
[Pipeline] Start of Pipeline
[Pipeline] node
Running on Jenkins in /var/jenkins_home/workspace/CC-IAC-ELASTICACHE-REDIS-CN-Bitbucket@2
[Pipeline] {
[Pipeline] stage
[Pipeline] { (Declarative: Checkout SCM)
[Pipeline] checkout
Selected Git installation does not exist. Using Default
The recommended git tool is: NONE
using credential BitbucketKey
 > git rev-parse --resolve-git-dir /var/jenkins_home/workspace/CC-IAC-ELASTICACHE-REDIS-CN-Bitbucket@2/.git # timeout=10
Fetching changes from the remote Git repository
 > git config remote.origin.url ssh://git@bitbucketenterprise.aws.novartis.net/tisp/aws-redis.git # timeout=10
Fetching upstream changes from ssh://git@bitbucketenterprise.aws.novartis.net/tisp/aws-redis.git
 > git --version # timeout=10
 > git --version # 'git version 2.20.1'
using GIT_SSH to set credentials BitbucketKey
Verifying host key using known hosts file, will automatically accept unseen keys
 > git fetch --tags --force --progress -- ssh://git@bitbucketenterprise.aws.novartis.net/tisp/aws-redis.git +refs/heads/*:refs/remotes/origin/* # timeout=10
 > git rev-parse refs/remotes/origin/feature/CLIN-28025-ElastiCacheChina^{commit} # timeout=10
Checking out Revision 8875774225201316365b2a5c13dfe59e44dc8cb4 (refs/remotes/origin/feature/CLIN-28025-ElastiCacheChina)
 > git config core.sparsecheckout # timeout=10
 > git checkout -f 8875774225201316365b2a5c13dfe59e44dc8cb4 # timeout=10
Commit message: "CLIN-28025-ElastiCacheChina updated stage environment"
 > git rev-list --no-walk 91e35873ab8c2c2337061bcef9dae91f96db31ef # timeout=10
[Pipeline] }
[Pipeline] // stage
[Pipeline] withEnv
[Pipeline] {
[Pipeline] stage
[Pipeline] { (Setup parameters)
[Pipeline] script
[Pipeline] {
[Pipeline] properties
[Pipeline] }
[Pipeline] // script
[Pipeline] }
[Pipeline] // stage
[Pipeline] stage
[Pipeline] { (Set up environment)
[Pipeline] script
[Pipeline] {
[Pipeline] }
[Pipeline] // script
[Pipeline] }
[Pipeline] // stage
[Pipeline] stage
[Pipeline] { (Checkout templates)
Stage "Checkout templates" skipped due to earlier failure(s)
[Pipeline] }
[Pipeline] // stage
[Pipeline] stage
[Pipeline] { (Deploy stack)
Stage "Deploy stack" skipped due to earlier failure(s)
[Pipeline] }
[Pipeline] // stage
[Pipeline] }
[Pipeline] // withEnv
[Pipeline] }
[Pipeline] // node
[Pipeline] End of Pipeline
Also:   org.jenkinsci.plugins.workflow.actions.ErrorAction$ErrorId: 71aafcf6-a680-47ca-982f-2245d762c99f
hudson.remoting.ProxyException: groovy.lang.MissingMethodException: No signature of method: java.util.Collections$EmptyMap.replace() is applicable for argument types: (java.util.LinkedHashMap) values: [[key:SubnetGroupName, value:NVSGISRCCCN-vpc-elasticachesubnetgrp]]
Possible solutions: replace(java.lang.Object, java.lang.Object), replace(java.lang.Object, java.lang.Object, java.lang.Object), replaceAll(java.util.function.BiFunction), remove(java.lang.Object), each(groovy.lang.Closure), each(groovy.lang.Closure)
	at org.jenkinsci.plugins.scriptsecurity.sandbox.groovy.SandboxInterceptor.onMethodCall(SandboxInterceptor.java:159)
	at org.kohsuke.groovy.sandbox.impl.Checker$1.call(Checker.java:178)
	at org.kohsuke.groovy.sandbox.impl.Checker.checkedCall(Checker.java:182)
	at com.cloudbees.groovy.cps.sandbox.SandboxInvoker.methodCall(SandboxInvoker.java:17)
	at WorkflowScript.run(WorkflowScript:156)
	at ___cps.transform___(Native Method)
	at com.cloudbees.groovy.cps.impl.ContinuationGroup.methodCall(ContinuationGroup.java:90)
	at com.cloudbees.groovy.cps.impl.FunctionCallBlock$ContinuationImpl.dispatchOrArg(FunctionCallBlock.java:116)
	at com.cloudbees.groovy.cps.impl.FunctionCallBlock$ContinuationImpl.fixArg(FunctionCallBlock.java:85)
	at jdk.internal.reflect.GeneratedMethodAccessor126.invoke(Unknown Source)
	at java.base/jdk.internal.reflect.DelegatingMethodAccessorImpl.invoke(DelegatingMethodAccessorImpl.java:43)
	at java.base/java.lang.reflect.Method.invoke(Method.java:568)
	at com.cloudbees.groovy.cps.impl.ContinuationPtr$ContinuationImpl.receive(ContinuationPtr.java:72)
	at com.cloudbees.groovy.cps.impl.CollectionLiteralBlock$ContinuationImpl.dispatch(CollectionLiteralBlock.java:55)
	at com.cloudbees.groovy.cps.impl.CollectionLiteralBlock$ContinuationImpl.item(CollectionLiteralBlock.java:45)
	at jdk.internal.reflect.GeneratedMethodAccessor139.invoke(Unknown Source)
	at java.base/jdk.internal.reflect.DelegatingMethodAccessorImpl.invoke(DelegatingMethodAccessorImpl.java:43)
	at java.base/java.lang.reflect.Method.invoke(Method.java:568)
	at com.cloudbees.groovy.cps.impl.ContinuationPtr$ContinuationImpl.receive(ContinuationPtr.java:72)
	at com.cloudbees.groovy.cps.impl.LocalVariableBlock$LocalVariable.get(LocalVariableBlock.java:39)
	at com.cloudbees.groovy.cps.LValueBlock$GetAdapter.receive(LValueBlock.java:30)
	at com.cloudbees.groovy.cps.impl.LocalVariableBlock.evalLValue(LocalVariableBlock.java:28)
	at com.cloudbees.groovy.cps.LValueBlock$BlockImpl.eval(LValueBlock.java:55)
	at com.cloudbees.groovy.cps.LValueBlock.eval(LValueBlock.java:16)
	at com.cloudbees.groovy.cps.Next.step(Next.java:83)
	at com.cloudbees.groovy.cps.Continuable$1.call(Continuable.java:152)
	at com.cloudbees.groovy.cps.Continuable$1.call(Continuable.java:146)
	at org.codehaus.groovy.runtime.GroovyCategorySupport$ThreadCategoryInfo.use(GroovyCategorySupport.java:136)
	at org.codehaus.groovy.runtime.GroovyCategorySupport.use(GroovyCategorySupport.java:275)
	at com.cloudbees.groovy.cps.Continuable.run0(Continuable.java:146)
	at org.jenkinsci.plugins.workflow.cps.SandboxContinuable.access$001(SandboxContinuable.java:18)
	at org.jenkinsci.plugins.workflow.cps.SandboxContinuable.run0(SandboxContinuable.java:51)
	at org.jenkinsci.plugins.workflow.cps.CpsThread.runNextChunk(CpsThread.java:187)
	at org.jenkinsci.plugins.workflow.cps.CpsThreadGroup.run(CpsThreadGroup.java:420)
	at org.jenkinsci.plugins.workflow.cps.CpsThreadGroup$2.call(CpsThreadGroup.java:330)
	at org.jenkinsci.plugins.workflow.cps.CpsThreadGroup$2.call(CpsThreadGroup.java:294)
	at org.jenkinsci.plugins.workflow.cps.CpsVmExecutorService$2.call(CpsVmExecutorService.java:67)
	at java.base/java.util.concurrent.FutureTask.run(FutureTask.java:264)
	at hudson.remoting.SingleLaneExecutorService$1.run(SingleLaneExecutorService.java:139)
	at jenkins.util.ContextResettingExecutorService$1.run(ContextResettingExecutorService.java:28)
	at jenkins.security.ImpersonatingExecutorService$1.run(ImpersonatingExecutorService.java:68)
	at jenkins.util.ErrorLoggingExecutorService.lambda$wrap$0(ErrorLoggingExecutorService.java:51)
	at java.base/java.util.concurrent.Executors$RunnableAdapter.call(Executors.java:539)
	at java.base/java.util.concurrent.FutureTask.run(FutureTask.java:264)
	at java.base/java.util.concurrent.ThreadPoolExecutor.runWorker(ThreadPoolExecutor.java:1136)
	at java.base/java.util.concurrent.ThreadPoolExecutor$Worker.run(ThreadPoolExecutor.java:635)
	at java.base/java.lang.Thread.run(Thread.java:833)
Finished: FAILURE
